<?xml version="1.0" encoding="UTF-8"?>
<!-- Generated by org.testng.reporters.JUnitXMLReporter -->
<testsuite hostname="LTIN214668" failures="5" tests="5" name="Test" time="181.467" errors="0" timestamp="3 Mar 2024 07:29:30 GMT">
  <testcase classname="testCases.TC_01_DoctorSearch" name="search" time="24.449">
    <failure type="java.io.FileNotFoundException" message="C:\Users\2304113\eclipse-workspace\Hackathon_Project\Screenshot\locNdSp.png (The system cannot find the path specified)">
      <![CDATA[java.io.FileNotFoundException: C:\Users\2304113\eclipse-workspace\Hackathon_Project\Screenshot\locNdSp.png (The system cannot find the path specified)
	at java.base/java.io.FileOutputStream.open0(Native Method)
	at java.base/java.io.FileOutputStream.open(FileOutputStream.java:293)
	at java.base/java.io.FileOutputStream.<init>(FileOutputStream.java:235)
	at java.base/java.io.FileOutputStream.<init>(FileOutputStream.java:184)
	at org.openqa.selenium.io.FileHandler.copyFile(FileHandler.java:131)
	at org.openqa.selenium.io.FileHandler.copy(FileHandler.java:110)
	at testCases.TC_01_DoctorSearch.search(TC_01_DoctorSearch.java:52)
... Removed 28 stack frames]]>
    </failure>
  </testcase> <!-- search -->
  <testcase classname="testCases.TC_01_DoctorSearch" name="sortD" time="5.672">
    <failure type="java.io.FileNotFoundException" message="C:\Users\2304113\eclipse-workspace\Hackathon_Project\Screenshot\Pstories.png (The system cannot find the path specified)">
      <![CDATA[java.io.FileNotFoundException: C:\Users\2304113\eclipse-workspace\Hackathon_Project\Screenshot\Pstories.png (The system cannot find the path specified)
	at java.base/java.io.FileOutputStream.open0(Native Method)
	at java.base/java.io.FileOutputStream.open(FileOutputStream.java:293)
	at java.base/java.io.FileOutputStream.<init>(FileOutputStream.java:235)
	at java.base/java.io.FileOutputStream.<init>(FileOutputStream.java:184)
	at org.openqa.selenium.io.FileHandler.copyFile(FileHandler.java:131)
	at org.openqa.selenium.io.FileHandler.copy(FileHandler.java:110)
	at testCases.TC_01_DoctorSearch.sortD(TC_01_DoctorSearch.java:71)
... Removed 28 stack frames]]>
    </failure>
  </testcase> <!-- sortD -->
  <testcase classname="testCases.TC_01_DoctorSearch" name="GetName" time="12.531">
    <failure type="java.lang.IllegalArgumentException" message="ScreenCapture path must not be null or empty">
      <![CDATA[java.lang.IllegalArgumentException: ScreenCapture path must not be null or empty
	at com.aventstack.extentreports.util.Assert.notEmpty(Assert.java:12)
	at com.aventstack.extentreports.ExtentTest.addScreenCaptureFromPath(ExtentTest.java:1099)
	at ExtentReportManager.ExtenttReportss.onTestSuccess(ExtenttReportss.java:47)
... Removed 25 stack frames]]>
    </failure>
  </testcase> <!-- GetName -->
  <testcase classname="testCases.TC_01_DoctorSearch" name="surLst" time="6.82">
    <failure type="java.io.FileNotFoundException" message="C:\Users\2304113\eclipse-workspace\Hackathon_Project\Screenshot\surg.png (The system cannot find the path specified)">
      <![CDATA[java.io.FileNotFoundException: C:\Users\2304113\eclipse-workspace\Hackathon_Project\Screenshot\surg.png (The system cannot find the path specified)
	at java.base/java.io.FileOutputStream.open0(Native Method)
	at java.base/java.io.FileOutputStream.open(FileOutputStream.java:293)
	at java.base/java.io.FileOutputStream.<init>(FileOutputStream.java:235)
	at java.base/java.io.FileOutputStream.<init>(FileOutputStream.java:184)
	at org.openqa.selenium.io.FileHandler.copyFile(FileHandler.java:131)
	at org.openqa.selenium.io.FileHandler.copy(FileHandler.java:110)
	at testCases.TC_01_DoctorSearch.surLst(TC_01_DoctorSearch.java:132)
... Removed 28 stack frames]]>
    </failure>
  </testcase> <!-- surLst -->
  <testcase classname="testCases.TC_01_DoctorSearch" name="FormValidation" time="17.796">
    <failure type="java.io.FileNotFoundException" message="C:\Users\2304113\eclipse-workspace\Hackathon_Project\Screenshot\form.png (The system cannot find the path specified)">
      <![CDATA[java.io.FileNotFoundException: C:\Users\2304113\eclipse-workspace\Hackathon_Project\Screenshot\form.png (The system cannot find the path specified)
	at java.base/java.io.FileOutputStream.open0(Native Method)
	at java.base/java.io.FileOutputStream.open(FileOutputStream.java:293)
	at java.base/java.io.FileOutputStream.<init>(FileOutputStream.java:235)
	at java.base/java.io.FileOutputStream.<init>(FileOutputStream.java:184)
	at org.openqa.selenium.io.FileHandler.copyFile(FileHandler.java:131)
	at org.openqa.selenium.io.FileHandler.copy(FileHandler.java:110)
	at testCases.TC_01_DoctorSearch.FormValidation(TC_01_DoctorSearch.java:154)
... Removed 28 stack frames]]>
    </failure>
  </testcase> <!-- FormValidation -->
</testsuite> <!-- Test -->
